2023-04-27 13:34:57,715 DEBUG    root            Loaded Command Group: ['gcloud', 'components']
2023-04-27 13:34:57,718 DEBUG    root            Loaded Command Group: ['gcloud', 'components', 'update']
2023-04-27 13:34:57,721 DEBUG    root            Running [gcloud.components.update] with arguments: [--quiet: "True", COMPONENT-IDS:8: "['gcloud', 'core', 'bq', 'gsutil', 'compute', 'preview', 'alpha', 'beta']"]
2023-04-27 13:34:57,722 INFO     ___FILE_ONLY___ Beginning update. This process may take several minutes.

2023-04-27 13:34:57,726 DEBUG    urllib3.connectionpool Starting new HTTPS connection (1): dl.google.com:443
2023-04-27 13:34:57,757 DEBUG    urllib3.connectionpool https://dl.google.com:443 "GET /dl/cloudsdk/channels/rapid/components-2.json HTTP/1.1" 200 206156
2023-04-27 13:34:57,773 WARNING  root            Component [compute] no longer exists.
2023-04-27 13:34:57,774 WARNING  root            Component [preview] no longer exists.
2023-04-27 13:34:57,775 INFO     ___FILE_ONLY___ 

2023-04-27 13:34:57,775 INFO     ___FILE_ONLY___ 
Your current Google Cloud CLI version is: 428.0.0

2023-04-27 13:34:57,775 INFO     ___FILE_ONLY___ Installing components from version: 428.0.0

2023-04-27 13:34:57,775 INFO     ___FILE_ONLY___ 

2023-04-27 13:34:57,776 DEBUG    root            Chosen display Format:table[box,title="These components will be removed."](details.display_name:label=Name:align=left,version.version_string:label=Version:align=right,data.size.size(zero="",min=1048576):label=Size:align=right)
2023-04-27 13:34:57,776 DEBUG    root            Chosen display Format:table[box,title="These components will be updated."](details.display_name:label=Name:align=left,version.version_string:label=Version:align=right,data.size.size(zero="",min=1048576):label=Size:align=right)
2023-04-27 13:34:57,777 DEBUG    root            Chosen display Format:table[box,title="These components will be installed."](details.display_name:label=Name:align=left,version.version_string:label=Version:align=right,data.size.size(zero="",min=1048576):label=Size:align=right)
2023-04-27 13:34:57,778 INFO     ___FILE_ONLY___ ┌──────────────────────────────────────────────┐
2023-04-27 13:34:57,779 INFO     ___FILE_ONLY___ 

2023-04-27 13:34:57,779 INFO     ___FILE_ONLY___ │     These components will be installed.      │
2023-04-27 13:34:57,779 INFO     ___FILE_ONLY___ 

2023-04-27 13:34:57,779 INFO     ___FILE_ONLY___ ├───────────────────────┬────────────┬─────────┤
2023-04-27 13:34:57,779 INFO     ___FILE_ONLY___ 

2023-04-27 13:34:57,779 INFO     ___FILE_ONLY___ │          Name         │  Version   │   Size  │
2023-04-27 13:34:57,779 INFO     ___FILE_ONLY___ 

2023-04-27 13:34:57,779 INFO     ___FILE_ONLY___ ├───────────────────────┼────────────┼─────────┤
2023-04-27 13:34:57,779 INFO     ___FILE_ONLY___ 

2023-04-27 13:34:57,779 INFO     ___FILE_ONLY___ │ 
2023-04-27 13:34:57,779 INFO     ___FILE_ONLY___ gcloud Alpha Commands
2023-04-27 13:34:57,779 INFO     ___FILE_ONLY___  
2023-04-27 13:34:57,779 INFO     ___FILE_ONLY___ │ 
2023-04-27 13:34:57,780 INFO     ___FILE_ONLY___ 2023.04.25
2023-04-27 13:34:57,780 INFO     ___FILE_ONLY___  
2023-04-27 13:34:57,780 INFO     ___FILE_ONLY___ │ 
2023-04-27 13:34:57,780 INFO     ___FILE_ONLY___ < 1 MiB
2023-04-27 13:34:57,780 INFO     ___FILE_ONLY___  
2023-04-27 13:34:57,780 INFO     ___FILE_ONLY___ │
2023-04-27 13:34:57,780 INFO     ___FILE_ONLY___ 

2023-04-27 13:34:57,780 INFO     ___FILE_ONLY___ │ 
2023-04-27 13:34:57,780 INFO     ___FILE_ONLY___ gcloud Beta Commands 
2023-04-27 13:34:57,780 INFO     ___FILE_ONLY___  
2023-04-27 13:34:57,780 INFO     ___FILE_ONLY___ │ 
2023-04-27 13:34:57,780 INFO     ___FILE_ONLY___ 2023.04.25
2023-04-27 13:34:57,780 INFO     ___FILE_ONLY___  
2023-04-27 13:34:57,780 INFO     ___FILE_ONLY___ │ 
2023-04-27 13:34:57,780 INFO     ___FILE_ONLY___ < 1 MiB
2023-04-27 13:34:57,781 INFO     ___FILE_ONLY___  
2023-04-27 13:34:57,781 INFO     ___FILE_ONLY___ │
2023-04-27 13:34:57,781 INFO     ___FILE_ONLY___ 

2023-04-27 13:34:57,781 INFO     ___FILE_ONLY___ └───────────────────────┴────────────┴─────────┘
2023-04-27 13:34:57,781 INFO     ___FILE_ONLY___ 

2023-04-27 13:34:57,781 INFO     ___FILE_ONLY___ 

2023-04-27 13:34:57,783 DEBUG    urllib3.connectionpool Starting new HTTPS connection (1): dl.google.com:443
2023-04-27 13:34:57,812 DEBUG    urllib3.connectionpool https://dl.google.com:443 "GET /dl/cloudsdk/channels/rapid/RELEASE_NOTES HTTP/1.1" 200 986463
2023-04-27 13:34:57,842 INFO     ___FILE_ONLY___ For the latest full release notes, please visit:
  https://cloud.google.com/sdk/release_notes


2023-04-27 13:34:57,845 INFO     ___FILE_ONLY___ ╔════════════════════════════════════════════════════════════╗

2023-04-27 13:34:57,845 INFO     ___FILE_ONLY___ ╠═ Creating update staging area                             ═╣

2023-04-27 13:34:57,845 INFO     ___FILE_ONLY___ ╚
2023-04-27 13:34:57,845 INFO     ___FILE_ONLY___ ══════
2023-04-27 13:34:58,458 INFO     ___FILE_ONLY___ ══════
2023-04-27 13:34:58,458 INFO     ___FILE_ONLY___ ══════
2023-04-27 13:34:58,754 INFO     ___FILE_ONLY___ ═
2023-04-27 13:34:58,833 INFO     ___FILE_ONLY___ ═
2023-04-27 13:34:58,933 INFO     ___FILE_ONLY___ ═
2023-04-27 13:34:59,047 INFO     ___FILE_ONLY___ ═
2023-04-27 13:34:59,161 INFO     ___FILE_ONLY___ ═
2023-04-27 13:34:59,262 INFO     ___FILE_ONLY___ ═
2023-04-27 13:34:59,345 INFO     ___FILE_ONLY___ ═
2023-04-27 13:34:59,406 INFO     ___FILE_ONLY___ ═
2023-04-27 13:34:59,553 INFO     ___FILE_ONLY___ ═
2023-04-27 13:34:59,700 INFO     ___FILE_ONLY___ ═
2023-04-27 13:34:59,792 INFO     ___FILE_ONLY___ ═
2023-04-27 13:34:59,889 INFO     ___FILE_ONLY___ ═
2023-04-27 13:34:59,975 INFO     ___FILE_ONLY___ ═
2023-04-27 13:35:00,044 INFO     ___FILE_ONLY___ ═
2023-04-27 13:35:00,294 INFO     ___FILE_ONLY___ ═
2023-04-27 13:35:00,411 INFO     ___FILE_ONLY___ ═
2023-04-27 13:35:00,539 INFO     ___FILE_ONLY___ ═
2023-04-27 13:35:00,949 INFO     ___FILE_ONLY___ ═
2023-04-27 13:35:01,016 INFO     ___FILE_ONLY___ ═
2023-04-27 13:35:01,094 INFO     ___FILE_ONLY___ ═
2023-04-27 13:35:01,152 INFO     ___FILE_ONLY___ ═
2023-04-27 13:35:01,218 INFO     ___FILE_ONLY___ ═
2023-04-27 13:35:01,281 INFO     ___FILE_ONLY___ ═
2023-04-27 13:35:01,359 INFO     ___FILE_ONLY___ ═
2023-04-27 13:35:01,446 INFO     ___FILE_ONLY___ ═
2023-04-27 13:35:01,519 INFO     ___FILE_ONLY___ ═
2023-04-27 13:35:01,584 INFO     ___FILE_ONLY___ ═
2023-04-27 13:35:01,644 INFO     ___FILE_ONLY___ ═
2023-04-27 13:35:01,712 INFO     ___FILE_ONLY___ ═
2023-04-27 13:35:01,768 INFO     ___FILE_ONLY___ ═
2023-04-27 13:35:01,953 INFO     ___FILE_ONLY___ ═
2023-04-27 13:35:02,018 INFO     ___FILE_ONLY___ ═
2023-04-27 13:35:02,091 INFO     ___FILE_ONLY___ ═
2023-04-27 13:35:02,152 INFO     ___FILE_ONLY___ ═
2023-04-27 13:35:02,224 INFO     ___FILE_ONLY___ ═
2023-04-27 13:35:02,289 INFO     ___FILE_ONLY___ ═
2023-04-27 13:35:02,338 INFO     ___FILE_ONLY___ ═
2023-04-27 13:35:02,411 INFO     ___FILE_ONLY___ ═
2023-04-27 13:35:02,483 INFO     ___FILE_ONLY___ ═
2023-04-27 13:35:02,563 INFO     ___FILE_ONLY___ ═
2023-04-27 13:35:02,673 INFO     ___FILE_ONLY___ ═
2023-04-27 13:35:02,757 INFO     ___FILE_ONLY___ ═
2023-04-27 13:35:02,758 INFO     ___FILE_ONLY___ ╝

2023-04-27 13:35:05,370 INFO     ___FILE_ONLY___ ╔════════════════════════════════════════════════════════════╗

2023-04-27 13:35:05,371 INFO     ___FILE_ONLY___ ╠═ Installing: gcloud Alpha Commands                        ═╣

2023-04-27 13:35:05,371 INFO     ___FILE_ONLY___ ╚
2023-04-27 13:35:05,373 DEBUG    urllib3.connectionpool Starting new HTTPS connection (1): dl.google.com:443
2023-04-27 13:35:05,402 DEBUG    urllib3.connectionpool https://dl.google.com:443 "GET /dl/cloudsdk/channels/rapid/components/google-cloud-sdk-alpha-20230425182028.tar.gz HTTP/1.1" 200 800
2023-04-27 13:35:05,403 INFO     ___FILE_ONLY___ ══════════════════════════════
2023-04-27 13:35:05,405 INFO     ___FILE_ONLY___ ══════════════════════════════
2023-04-27 13:35:05,405 INFO     ___FILE_ONLY___ ╝

2023-04-27 13:35:05,413 INFO     ___FILE_ONLY___ ╔════════════════════════════════════════════════════════════╗

2023-04-27 13:35:05,413 INFO     ___FILE_ONLY___ ╠═ Installing: gcloud Beta Commands                         ═╣

2023-04-27 13:35:05,414 INFO     ___FILE_ONLY___ ╚
2023-04-27 13:35:05,416 DEBUG    urllib3.connectionpool Starting new HTTPS connection (1): dl.google.com:443
2023-04-27 13:35:05,445 DEBUG    urllib3.connectionpool https://dl.google.com:443 "GET /dl/cloudsdk/channels/rapid/components/google-cloud-sdk-beta-20230425182028.tar.gz HTTP/1.1" 200 797
2023-04-27 13:35:05,446 INFO     ___FILE_ONLY___ ══════════════════════════════
2023-04-27 13:35:05,447 INFO     ___FILE_ONLY___ ══════════════════════════════
2023-04-27 13:35:05,448 INFO     ___FILE_ONLY___ ╝

2023-04-27 13:35:05,456 INFO     ___FILE_ONLY___ ╔════════════════════════════════════════════════════════════╗

2023-04-27 13:35:05,456 INFO     ___FILE_ONLY___ ╠═ Creating backup and activating new installation          ═╣

2023-04-27 13:35:05,456 INFO     ___FILE_ONLY___ ╚
2023-04-27 13:35:05,456 DEBUG    root            Attempting to move directory [/tools/google-cloud-sdk] to [/tools/google-cloud-sdk.staging/.install/.backup]
2023-04-27 13:35:05,457 INFO     ___FILE_ONLY___ ══════════════════════════════
2023-04-27 13:35:05,457 DEBUG    root            Attempting to move directory [/tools/google-cloud-sdk.staging] to [/tools/google-cloud-sdk]
2023-04-27 13:35:05,457 INFO     ___FILE_ONLY___ ══════════════════════════════
2023-04-27 13:35:05,457 INFO     ___FILE_ONLY___ ╝

2023-04-27 13:35:05,461 DEBUG    root            Updating notification cache...
2023-04-27 13:35:05,462 INFO     ___FILE_ONLY___ 

2023-04-27 13:35:05,464 INFO     ___FILE_ONLY___ Performing post processing steps...
2023-04-27 13:35:05,464 DEBUG    root            Executing command: ['python3', '-S', '/tools/google-cloud-sdk/lib/gcloud.py', 'components', 'post-process']
2023-04-27 13:35:33,215 DEBUG    ___FILE_ONLY___ 
2023-04-27 13:35:33,215 DEBUG    ___FILE_ONLY___ 
2023-04-27 13:35:33,257 INFO     ___FILE_ONLY___ 
Update done!


2023-04-27 13:35:33,260 DEBUG    root            Chosen display Format:none
2023-04-27 13:35:33,261 INFO     root            Display format: "none"
